[2023-12-07 21:32:20,455 INFO com.nopcommerce.user.Level_16_Share_Data_A] - Login - Step 01: Navigate to Logout link
[2023-12-07 21:32:21,540 INFO com.nopcommerce.user.Level_16_Share_Data_A] - Login - Step 02: Enter to Email textbox with value is 'null'
[2023-12-08 22:46:09,260 INFO com.nopcommerce.user.Level_21_Multiple_Environment] - Register - Step 01: Navigate to 'Register' page
[2023-12-08 22:46:10,036 INFO com.nopcommerce.user.Level_21_Multiple_Environment] - Register - Step 02: Enter to Firstname textbox with value is 'Automation'
[2023-12-08 22:46:10,293 INFO com.nopcommerce.user.Level_21_Multiple_Environment] - Register - Step 03: Enter to LastName textbox with value is 'FC'
[2023-12-08 22:46:11,060 INFO com.nopcommerce.user.Level_21_Multiple_Environment] - Register - Step 04: Enter to Email textbox with value is 'automationfc3679@fakemail.com'
[2023-12-08 22:46:11,339 INFO com.nopcommerce.user.Level_21_Multiple_Environment] - Register - Step 05: Enter to Password textbox with value is '123456'
[2023-12-08 22:46:11,520 INFO com.nopcommerce.user.Level_21_Multiple_Environment] - Register - Step 06: Enter to Confirm Password textbox with value is '123456'
[2023-12-08 22:46:11,703 INFO com.nopcommerce.user.Level_21_Multiple_Environment] - Register - Step 07: Click to 'Register' button
[2023-12-08 22:46:42,617 INFO com.nopcommerce.user.Level_21_Multiple_Environment] - Login - Step 01: Navigate to Logout page
[2023-12-08 22:47:12,707 INFO com.nopcommerce.user.Level_21_Multiple_Environment] - My Account - Step 01: Navigate to 'My Account' page
[2023-12-08 22:47:42,799 INFO com.nopcommerce.user.Level_21_Multiple_Environment] - OS name = windows 10
[2023-12-08 22:47:42,799 INFO com.nopcommerce.user.Level_21_Multiple_Environment] - Driver instance name = chromedriver: chrome on windows (b164c6cf1175b5b5f72777b59a8e4f2e)
[2023-12-08 22:47:42,814 INFO com.nopcommerce.user.Level_21_Multiple_Environment] - no such window: target window already closed
from unknown error: web view not found
  (Session info: chrome=119.0.6045.199)
Build info: version: '3.141.59', revision: 'e82be7d358', time: '2018-11-14T08:25:53'
System info: host: 'DESKTOP-LF7N452', ip: '192.168.1.8', os.name: 'Windows 10', os.arch: 'amd64', os.version: '10.0', java.version: '11.0.14'
Driver info: org.openqa.selenium.chrome.ChromeDriver
Capabilities {acceptInsecureCerts: true, browserName: chrome, browserVersion: 119.0.6045.199, chrome: {chromedriverVersion: 119.0.6045.105 (38c72552c5e..., userDataDir: C:\Users\DELL\AppData\Local...}, fedcm:accounts: true, goog:chromeOptions: {debuggerAddress: localhost:60866}, javascriptEnabled: true, networkConnectionEnabled: false, pageLoadStrategy: normal, platform: WINDOWS, platformName: WINDOWS, proxy: Proxy(), setWindowRect: true, strictFileInteractability: false, timeouts: {implicit: 0, pageLoad: 300000, script: 30000}, unhandledPromptBehavior: dismiss and notify, webauthn:extension:credBlob: true, webauthn:extension:largeBlob: true, webauthn:extension:minPinLength: true, webauthn:extension:prf: true, webauthn:virtualAuthenticators: true}
Session ID: b164c6cf1175b5b5f72777b59a8e4f2e
[2023-12-11 09:24:53,684 INFO com.nopcommerce.user.Level_22_Multiple_Environment_Owner] - OS name = windows 10
[2023-12-11 09:24:53,697 INFO com.nopcommerce.user.Level_22_Multiple_Environment_Owner] - 
[2023-12-11 09:25:50,994 INFO com.nopcommerce.user.Level_22_Multiple_Environment_Owner] - OS name = windows 10
[2023-12-11 09:25:50,996 INFO com.nopcommerce.user.Level_22_Multiple_Environment_Owner] - 
[2023-12-11 16:30:14,307 INFO com.nopcommerce.user.Level_22_Multiple_Environment_Owner] - OS name = windows 10
[2023-12-11 16:30:14,311 INFO com.nopcommerce.user.Level_22_Multiple_Environment_Owner] - 
[2023-12-11 17:17:44,434 INFO com.nopcommerce.user.Level_22_Multiple_Environment_Owner] - OS name = windows 10
[2023-12-11 17:17:44,435 INFO com.nopcommerce.user.Level_22_Multiple_Environment_Owner] - 
[2023-12-11 17:21:04,439 INFO com.nopcommerce.user.Level_22_Multiple_Environment_Owner] - OS name = windows 10
[2023-12-11 17:21:04,440 INFO com.nopcommerce.user.Level_22_Multiple_Environment_Owner] - Driver instance name = chromedriver: chrome on windows (54c410eace268026b4889fa283198b61)
[2023-12-11 17:25:03,334 INFO com.nopcommerce.user.Level_22_Multiple_Environment_Owner] - OS name = windows 10
[2023-12-11 17:25:03,335 INFO com.nopcommerce.user.Level_22_Multiple_Environment_Owner] - 
